[2026-05-21T10:47:03.568Z] [scrape] Could not extract product price from page.
{"url":"https://nl.shein.com/1pc-Minimalist-Striped-Fashion-Artistic-Colorful-Pattern-Glossy-2-In-1-Phile-Shell-Full-Coverage-Hard-Phone-Case-Suitable-Compatible-With-Samsung-11-12-13-14-15-16-17-Pro-Max-Spring-Gift-p-422909863.html?mallCode=1&pageListType=4&imgRatio=3-4&detailBusinessFrom=0-1_422909863%7C0-2&pageListType=4","chatId":1041346091}
Error: Could not extract product price from page.
    at scrapeProduct (C:\Users\Wongel.Wondyifraw\Documents\Shain bot\src\scraper.js:42:11)
    at process.processTicksAndRejections (node:internal/process/task_queues:104:5)
    at async C:\Users\Wongel.Wondyifraw\Documents\Shain bot\src\bot.js:86:21
    at async execute (C:\Users\Wongel.Wondyifraw\Documents\Shain bot\node_modules\telegraf\lib\composer.js:518:17)
    at async C:\Users\Wongel.Wondyifraw\Documents\Shain bot\node_modules\telegraf\lib\composer.js:519:21
    at async execute (C:\Users\Wongel.Wondyifraw\Documents\Shain bot\node_modules\telegraf\lib\composer.js:518:17)
    at async C:\Users\Wongel.Wondyifraw\Documents\Shain bot\node_modules\telegraf\lib\composer.js:519:21
    at async execute (C:\Users\Wongel.Wondyifraw\Documents\Shain bot\node_modules\telegraf\lib\composer.js:518:17)
    at async C:\Users\Wongel.Wondyifraw\Documents\Shain bot\node_modules\telegraf\lib\composer.js:519:21
    at async execute (C:\Users\Wongel.Wondyifraw\Documents\Shain bot\node_modules\telegraf\lib\composer.js:518:17)
---
[2026-05-21T11:05:58.316Z] [launch] [ENOTFOUND] request to https://api.telegram.org/bot8777765313:[REDACTED]/getMe failed, reason: getaddrinfo ENOTFOUND api.telegram.org
FetchError: request to https://api.telegram.org/bot8777765313:[REDACTED]/getMe failed, reason: getaddrinfo ENOTFOUND api.telegram.org
    at ClientRequest.<anonymous> (C:\Users\Wongel.Wondyifraw\Documents\Shain bot\node_modules\node-fetch\lib\index.js:1501:11)
    at ClientRequest.emit (node:events:508:20)
    at emitErrorEvent (node:_http_client:108:11)
    at TLSSocket.socketErrorListener (node:_http_client:575:5)
    at TLSSocket.emit (node:events:508:20)
    at emitErrorNT (node:internal/streams/destroy:170:8)
    at emitErrorCloseNT (node:internal/streams/destroy:129:3)
    at process.processTicksAndRejections (node:internal/process/task_queues:90:21)
---
[2026-05-21T11:06:00.789Z] [launch] [ENOTFOUND] request to https://api.telegram.org/bot8777765313:[REDACTED]/getMe failed, reason: getaddrinfo ENOTFOUND api.telegram.org
FetchError: request to https://api.telegram.org/bot8777765313:[REDACTED]/getMe failed, reason: getaddrinfo ENOTFOUND api.telegram.org
    at ClientRequest.<anonymous> (C:\Users\Wongel.Wondyifraw\Documents\Shain bot\node_modules\node-fetch\lib\index.js:1501:11)
    at ClientRequest.emit (node:events:508:20)
    at emitErrorEvent (node:_http_client:108:11)
    at TLSSocket.socketErrorListener (node:_http_client:575:5)
    at TLSSocket.emit (node:events:508:20)
    at emitErrorNT (node:internal/streams/destroy:170:8)
    at emitErrorCloseNT (node:internal/streams/destroy:129:3)
    at process.processTicksAndRejections (node:internal/process/task_queues:90:21)
---
[2026-05-21T11:06:58.474Z] [scrape] SearchAPI request failed (HTTP 400): Unsupported value `nl.shein.com` in shein_domain parameter. Supported values are `us.shein.com`, `roe.shein.com`, `de.shein.com`, `eur.shein.com`, `fr.shein.com`, `it.shein.com`, `ch.shein.com`, `pl.shein.com`, `pt.shein.com`, `es.shein.com`, `www.shein.se`, and `www.shein.co.uk`.
{"url":"https://nl.shein.com/1pc-Minimalist-Striped-Fashion-Artistic-Colorful-Pattern-Glossy-2-In-1-Phile-Shell-Full-Coverage-Hard-Phone-Case-Suitable-Compatible-With-Samsung-11-12-13-14-15-16-17-Pro-Max-Spring-Gift-p-422909863.html?mallCode=1&pageListType=4&imgRatio=3-4&detailBusinessFrom=0-1_422909863%7C0-2&pageListType=4","chatId":1041346091}
Error: SearchAPI request failed (HTTP 400): Unsupported value `nl.shein.com` in shein_domain parameter. Supported values are `us.shein.com`, `roe.shein.com`, `de.shein.com`, `eur.shein.com`, `fr.shein.com`, `it.shein.com`, `ch.shein.com`, `pl.shein.com`, `pt.shein.com`, `es.shein.com`, `www.shein.se`, and `www.shein.co.uk`.
    at scrapeProduct (C:\Users\Wongel.Wondyifraw\Documents\Shain bot\src\scraper.js:137:11)
    at process.processTicksAndRejections (node:internal/process/task_queues:104:5)
    at async C:\Users\Wongel.Wondyifraw\Documents\Shain bot\src\bot.js:86:21
    at async execute (C:\Users\Wongel.Wondyifraw\Documents\Shain bot\node_modules\telegraf\lib\composer.js:518:17)
    at async C:\Users\Wongel.Wondyifraw\Documents\Shain bot\node_modules\telegraf\lib\composer.js:519:21
    at async execute (C:\Users\Wongel.Wondyifraw\Documents\Shain bot\node_modules\telegraf\lib\composer.js:518:17)
    at async C:\Users\Wongel.Wondyifraw\Documents\Shain bot\node_modules\telegraf\lib\composer.js:519:21
    at async execute (C:\Users\Wongel.Wondyifraw\Documents\Shain bot\node_modules\telegraf\lib\composer.js:518:17)
    at async C:\Users\Wongel.Wondyifraw\Documents\Shain bot\node_modules\telegraf\lib\composer.js:519:21
    at async execute (C:\Users\Wongel.Wondyifraw\Documents\Shain bot\node_modules\telegraf\lib\composer.js:518:17)
---
[2026-05-21T11:09:05.942Z] [scrape] SearchAPI request failed (HTTP 400): Unsupported value `nl.shein.com` in shein_domain parameter. Supported values are `us.shein.com`, `roe.shein.com`, `de.shein.com`, `eur.shein.com`, `fr.shein.com`, `it.shein.com`, `ch.shein.com`, `pl.shein.com`, `pt.shein.com`, `es.shein.com`, `www.shein.se`, and `www.shein.co.uk`.
{"url":"https://nl.shein.com/1pc-Minimalist-Striped-Fashion-Artistic-Colorful-Pattern-Glossy-2-In-1-Phile-Shell-Full-Coverage-Hard-Phone-Case-Suitable-Compatible-With-Samsung-11-12-13-14-15-16-17-Pro-Max-Spring-Gift-p-422909863.html?mallCode=1&pageListType=4&imgRatio=3-4&detailBusinessFrom=0-1_422909863%7C0-2&pageListType=4","chatId":1041346091}
Error: SearchAPI request failed (HTTP 400): Unsupported value `nl.shein.com` in shein_domain parameter. Supported values are `us.shein.com`, `roe.shein.com`, `de.shein.com`, `eur.shein.com`, `fr.shein.com`, `it.shein.com`, `ch.shein.com`, `pl.shein.com`, `pt.shein.com`, `es.shein.com`, `www.shein.se`, and `www.shein.co.uk`.
    at scrapeProduct (C:\Users\Wongel.Wondyifraw\Documents\Shain bot\src\scraper.js:137:11)
    at process.processTicksAndRejections (node:internal/process/task_queues:104:5)
    at async C:\Users\Wongel.Wondyifraw\Documents\Shain bot\src\bot.js:86:21
    at async execute (C:\Users\Wongel.Wondyifraw\Documents\Shain bot\node_modules\telegraf\lib\composer.js:518:17)
    at async C:\Users\Wongel.Wondyifraw\Documents\Shain bot\node_modules\telegraf\lib\composer.js:519:21
    at async execute (C:\Users\Wongel.Wondyifraw\Documents\Shain bot\node_modules\telegraf\lib\composer.js:518:17)
    at async C:\Users\Wongel.Wondyifraw\Documents\Shain bot\node_modules\telegraf\lib\composer.js:519:21
    at async execute (C:\Users\Wongel.Wondyifraw\Documents\Shain bot\node_modules\telegraf\lib\composer.js:518:17)
    at async C:\Users\Wongel.Wondyifraw\Documents\Shain bot\node_modules\telegraf\lib\composer.js:519:21
    at async execute (C:\Users\Wongel.Wondyifraw\Documents\Shain bot\node_modules\telegraf\lib\composer.js:518:17)
---
[2026-05-21T11:09:23.497Z] [scrape] SearchAPI request failed (HTTP 400): Unsupported value `nl.shein.com` in shein_domain parameter. Supported values are `us.shein.com`, `roe.shein.com`, `de.shein.com`, `eur.shein.com`, `fr.shein.com`, `it.shein.com`, `ch.shein.com`, `pl.shein.com`, `pt.shein.com`, `es.shein.com`, `www.shein.se`, and `www.shein.co.uk`.
{"url":"https://nl.shein.com/1pc-Minimalist-Striped-Fashion-Artistic-Colorful-Pattern-Glossy-2-In-1-Phile-Shell-Full-Coverage-Hard-Phone-Case-Suitable-Compatible-With-Samsung-11-12-13-14-15-16-17-Pro-Max-Spring-Gift-p-422909863.html?mallCode=1&pageListType=4&imgRatio=3-4&detailBusinessFrom=0-1_422909863%7C0-2&pageListType=4","chatId":1041346091}
Error: SearchAPI request failed (HTTP 400): Unsupported value `nl.shein.com` in shein_domain parameter. Supported values are `us.shein.com`, `roe.shein.com`, `de.shein.com`, `eur.shein.com`, `fr.shein.com`, `it.shein.com`, `ch.shein.com`, `pl.shein.com`, `pt.shein.com`, `es.shein.com`, `www.shein.se`, and `www.shein.co.uk`.
    at scrapeProduct (C:\Users\Wongel.Wondyifraw\Documents\Shain bot\src\scraper.js:137:11)
    at process.processTicksAndRejections (node:internal/process/task_queues:104:5)
    at async C:\Users\Wongel.Wondyifraw\Documents\Shain bot\src\bot.js:86:21
    at async execute (C:\Users\Wongel.Wondyifraw\Documents\Shain bot\node_modules\telegraf\lib\composer.js:518:17)
    at async C:\Users\Wongel.Wondyifraw\Documents\Shain bot\node_modules\telegraf\lib\composer.js:519:21
    at async execute (C:\Users\Wongel.Wondyifraw\Documents\Shain bot\node_modules\telegraf\lib\composer.js:518:17)
    at async C:\Users\Wongel.Wondyifraw\Documents\Shain bot\node_modules\telegraf\lib\composer.js:519:21
    at async execute (C:\Users\Wongel.Wondyifraw\Documents\Shain bot\node_modules\telegraf\lib\composer.js:518:17)
    at async C:\Users\Wongel.Wondyifraw\Documents\Shain bot\node_modules\telegraf\lib\composer.js:519:21
    at async execute (C:\Users\Wongel.Wondyifraw\Documents\Shain bot\node_modules\telegraf\lib\composer.js:518:17)
---
[2026-05-21T11:09:57.360Z] [scrape] SearchAPI request failed (HTTP 503): Internal SearchAPI error. Please contact support at support@searchapi.io or via live chat.
{"url":"https://de.shein.com/1pc-Minimalist-Striped-Fashion-Artistic-Colorful-Pattern-Glossy-2-In-1-Phile-Shell-Full-Coverage-Hard-Phone-Case-Suitable-Compatible-With-Samsung-11-12-13-14-15-16-17-Pro-Max-Spring-Gift-p-422909863.html?mallCode=1&pageListType=4&imgRatio=3-4&detailBusinessFrom=0-1_422909863%7C0-2&pageListType=4","chatId":1041346091}
Error: SearchAPI request failed (HTTP 503): Internal SearchAPI error. Please contact support at support@searchapi.io or via live chat.
    at scrapeProduct (C:\Users\Wongel.Wondyifraw\Documents\Shain bot\src\scraper.js:137:11)
    at process.processTicksAndRejections (node:internal/process/task_queues:104:5)
    at async C:\Users\Wongel.Wondyifraw\Documents\Shain bot\src\bot.js:86:21
    at async execute (C:\Users\Wongel.Wondyifraw\Documents\Shain bot\node_modules\telegraf\lib\composer.js:518:17)
    at async C:\Users\Wongel.Wondyifraw\Documents\Shain bot\node_modules\telegraf\lib\composer.js:519:21
    at async execute (C:\Users\Wongel.Wondyifraw\Documents\Shain bot\node_modules\telegraf\lib\composer.js:518:17)
    at async C:\Users\Wongel.Wondyifraw\Documents\Shain bot\node_modules\telegraf\lib\composer.js:519:21
    at async execute (C:\Users\Wongel.Wondyifraw\Documents\Shain bot\node_modules\telegraf\lib\composer.js:518:17)
    at async C:\Users\Wongel.Wondyifraw\Documents\Shain bot\node_modules\telegraf\lib\composer.js:519:21
    at async execute (C:\Users\Wongel.Wondyifraw\Documents\Shain bot\node_modules\telegraf\lib\composer.js:518:17)
---
[2026-05-21T11:10:47.056Z] [scrape] Could not find the product ID in the URL. Make sure you sent a product detail page (ends with "-p-<number>.html").
{"url":"https://api-shein.shein.com/h5/sharejump/appjump?link=RYoUq7PDGDB_8&localcountry=AE&shc=2_RYoUq7PDGDB&url_from=GM75856164280","chatId":1041346091}
Error: Could not find the product ID in the URL. Make sure you sent a product detail page (ends with "-p-<number>.html").
    at parseShein (C:\Users\Wongel.Wondyifraw\Documents\Shain bot\src\scraper.js:19:11)
    at scrapeProduct (C:\Users\Wongel.Wondyifraw\Documents\Shain bot\src\scraper.js:103:33)
    at C:\Users\Wongel.Wondyifraw\Documents\Shain bot\src\bot.js:86:27
    at process.processTicksAndRejections (node:internal/process/task_queues:104:5)
    at async execute (C:\Users\Wongel.Wondyifraw\Documents\Shain bot\node_modules\telegraf\lib\composer.js:518:17)
    at async C:\Users\Wongel.Wondyifraw\Documents\Shain bot\node_modules\telegraf\lib\composer.js:519:21
    at async execute (C:\Users\Wongel.Wondyifraw\Documents\Shain bot\node_modules\telegraf\lib\composer.js:518:17)
    at async C:\Users\Wongel.Wondyifraw\Documents\Shain bot\node_modules\telegraf\lib\composer.js:519:21
    at async execute (C:\Users\Wongel.Wondyifraw\Documents\Shain bot\node_modules\telegraf\lib\composer.js:518:17)
    at async C:\Users\Wongel.Wondyifraw\Documents\Shain bot\node_modules\telegraf\lib\composer.js:519:21
---
[2026-05-21T11:11:17.006Z] [scrape] SearchAPI request failed (HTTP 503): Internal SearchAPI error. Please contact support at support@searchapi.io or via live chat.
{"url":"https://de.shein.com/Black-Open-Toe-Mesh-Summer-New-Fashion-Stiletto-High-Heel-Sandals-Minimalist-Versatile-Women-s-Formal-Sandals-Pointed-Toe-Elegant-Stiletto-Slide-Sandals-Women-s-High-Heel-Shoes-Women-s-Brown-High-Heel-Shoes-p-412130223.html?src_identifier=on%3DCATEGORY_RECOMMEND_COMPONENT%60cn%3DCATEGORY_RECOMMEND_COMPONENT_1%60hz%3D-%60jc%3Dreal_3636%60ps%3D2_1_5&src_module=all&src_tab_page_id=page_home1779361824792&mallCode=1&pageListType=4&imgRatio=1-1&detailBusinessFrom=0-1_412130223%7C0-2&pageListType=4","chatId":1041346091}
Error: SearchAPI request failed (HTTP 503): Internal SearchAPI error. Please contact support at support@searchapi.io or via live chat.
    at scrapeProduct (C:\Users\Wongel.Wondyifraw\Documents\Shain bot\src\scraper.js:137:11)
    at process.processTicksAndRejections (node:internal/process/task_queues:104:5)
    at async C:\Users\Wongel.Wondyifraw\Documents\Shain bot\src\bot.js:86:21
    at async execute (C:\Users\Wongel.Wondyifraw\Documents\Shain bot\node_modules\telegraf\lib\composer.js:518:17)
    at async C:\Users\Wongel.Wondyifraw\Documents\Shain bot\node_modules\telegraf\lib\composer.js:519:21
    at async execute (C:\Users\Wongel.Wondyifraw\Documents\Shain bot\node_modules\telegraf\lib\composer.js:518:17)
    at async C:\Users\Wongel.Wondyifraw\Documents\Shain bot\node_modules\telegraf\lib\composer.js:519:21
    at async execute (C:\Users\Wongel.Wondyifraw\Documents\Shain bot\node_modules\telegraf\lib\composer.js:518:17)
    at async C:\Users\Wongel.Wondyifraw\Documents\Shain bot\node_modules\telegraf\lib\composer.js:519:21
    at async execute (C:\Users\Wongel.Wondyifraw\Documents\Shain bot\node_modules\telegraf\lib\composer.js:518:17)
---
[2026-05-21T11:13:37.709Z] [scrape] SearchAPI request failed (HTTP 503): Internal SearchAPI error. Please contact support at support@searchapi.io or via live chat.
{"url":"https://de.shein.com/Black-Open-Toe-Mesh-Summer-New-Fashion-Stiletto-High-Heel-Sandals-Minimalist-Versatile-Women-s-Formal-Sandals-Pointed-Toe-Elegant-Stiletto-Slide-Sandals-Women-s-High-Heel-Shoes-Women-s-Brown-High-Heel-Shoes-p-412130223.html?src_identifier=on%3DCATEGORY_RECOMMEND_COMPONENT%60cn%3DCATEGORY_RECOMMEND_COMPONENT_1%60hz%3D-%60jc%3Dreal_3636%60ps%3D2_1_5&src_module=all&src_tab_page_id=page_home1779361824792&mallCode=1&pageListType=4&imgRatio=1-1&detailBusinessFrom=0-1_412130223%7C0-2&pageListType=4","chatId":1041346091}
Error: SearchAPI request failed (HTTP 503): Internal SearchAPI error. Please contact support at support@searchapi.io or via live chat.
    at scrapeProduct (C:\Users\Wongel.Wondyifraw\Documents\Shain bot\src\scraper.js:137:11)
    at process.processTicksAndRejections (node:internal/process/task_queues:104:5)
    at async C:\Users\Wongel.Wondyifraw\Documents\Shain bot\src\bot.js:86:21
    at async execute (C:\Users\Wongel.Wondyifraw\Documents\Shain bot\node_modules\telegraf\lib\composer.js:518:17)
    at async C:\Users\Wongel.Wondyifraw\Documents\Shain bot\node_modules\telegraf\lib\composer.js:519:21
    at async execute (C:\Users\Wongel.Wondyifraw\Documents\Shain bot\node_modules\telegraf\lib\composer.js:518:17)
    at async C:\Users\Wongel.Wondyifraw\Documents\Shain bot\node_modules\telegraf\lib\composer.js:519:21
    at async execute (C:\Users\Wongel.Wondyifraw\Documents\Shain bot\node_modules\telegraf\lib\composer.js:518:17)
    at async C:\Users\Wongel.Wondyifraw\Documents\Shain bot\node_modules\telegraf\lib\composer.js:519:21
    at async execute (C:\Users\Wongel.Wondyifraw\Documents\Shain bot\node_modules\telegraf\lib\composer.js:518:17)
---
[2026-05-21T11:15:15.578Z] [launch] [ETIMEDOUT] request to https://api.telegram.org/bot8777765313:[REDACTED]/getMe failed, reason: connect ETIMEDOUT 149.154.166.110:443
FetchError: request to https://api.telegram.org/bot8777765313:[REDACTED]/getMe failed, reason: connect ETIMEDOUT 149.154.166.110:443
    at ClientRequest.<anonymous> (C:\Users\Wongel.Wondyifraw\Documents\Shain bot\node_modules\node-fetch\lib\index.js:1501:11)
    at ClientRequest.emit (node:events:508:20)
    at emitErrorEvent (node:_http_client:108:11)
    at TLSSocket.socketErrorListener (node:_http_client:575:5)
    at TLSSocket.emit (node:events:508:20)
    at emitErrorNT (node:internal/streams/destroy:170:8)
    at emitErrorCloseNT (node:internal/streams/destroy:129:3)
    at process.processTicksAndRejections (node:internal/process/task_queues:90:21)
---
[2026-05-21T11:16:34.727Z] [scrape] SearchAPI request failed [domain: us.shein.com]
{"url":"https://de.shein.com/Black-Open-Toe-Mesh-Summer-New-Fashion-Stiletto-High-Heel-Sandals-Minimalist-Versatile-Women-s-Formal-Sandals-Pointed-Toe-Elegant-Stiletto-Slide-Sandals-Women-s-High-Heel-Shoes-Women-s-Brown-High-Heel-Shoes-p-412130223.html?src_identifier=on%3DCATEGORY_RECOMMEND_COMPONENT%60cn%3DCATEGORY_RECOMMEND_COMPONENT_1%60hz%3D-%60jc%3Dreal_3636%60ps%3D2_1_5&src_module=all&src_tab_page_id=page_home1779361824792&mallCode=1&pageListType=4&imgRatio=1-1&detailBusinessFrom=0-1_412130223%7C0-2&pageListType=4","chatId":1041346091}
Error: SearchAPI request failed [domain: us.shein.com]
    at buildSearchApiError (C:\Users\Wongel.Wondyifraw\Documents\Shain bot\src\scraper.js:197:10)
    at scrapeProduct (C:\Users\Wongel.Wondyifraw\Documents\Shain bot\src\scraper.js:251:19)
    at process.processTicksAndRejections (node:internal/process/task_queues:104:5)
    at async C:\Users\Wongel.Wondyifraw\Documents\Shain bot\src\bot.js:86:21
    at async execute (C:\Users\Wongel.Wondyifraw\Documents\Shain bot\node_modules\telegraf\lib\composer.js:518:17)
    at async C:\Users\Wongel.Wondyifraw\Documents\Shain bot\node_modules\telegraf\lib\composer.js:519:21
    at async execute (C:\Users\Wongel.Wondyifraw\Documents\Shain bot\node_modules\telegraf\lib\composer.js:518:17)
    at async C:\Users\Wongel.Wondyifraw\Documents\Shain bot\node_modules\telegraf\lib\composer.js:519:21
    at async execute (C:\Users\Wongel.Wondyifraw\Documents\Shain bot\node_modules\telegraf\lib\composer.js:518:17)
    at async C:\Users\Wongel.Wondyifraw\Documents\Shain bot\node_modules\telegraf\lib\composer.js:519:21
---
[2026-05-21T11:21:51.934Z] [scrape] SearchAPI request failed [domain: us.shein.com]
{"url":"https://us.shein.com/Tween-Girls-Letter-Print-Short-Sleeve-Tee-Fitted-Flare-Pants-Sets-p-66964550.html?src_identifier=on%3DCATEGORY_RECOMMEND_COMPONENT%60cn%3DCATEGORY_RECOMMEND_COMPONENT_1%60hz%3D-%60jc%3Dreal_2031%60ps%3D2_1_3&src_module=all&src_tab_page_id=page_home1779362386486&mallCode=1&pageListType=4","chatId":1041346091}
Error: SearchAPI request failed [domain: us.shein.com]
    at buildSearchApiError (C:\Users\Wongel.Wondyifraw\Documents\Shain bot\src\scraper.js:197:10)
    at scrapeProduct (C:\Users\Wongel.Wondyifraw\Documents\Shain bot\src\scraper.js:251:19)
    at process.processTicksAndRejections (node:internal/process/task_queues:104:5)
    at async C:\Users\Wongel.Wondyifraw\Documents\Shain bot\src\bot.js:86:21
    at async execute (C:\Users\Wongel.Wondyifraw\Documents\Shain bot\node_modules\telegraf\lib\composer.js:518:17)
    at async C:\Users\Wongel.Wondyifraw\Documents\Shain bot\node_modules\telegraf\lib\composer.js:519:21
    at async execute (C:\Users\Wongel.Wondyifraw\Documents\Shain bot\node_modules\telegraf\lib\composer.js:518:17)
    at async C:\Users\Wongel.Wondyifraw\Documents\Shain bot\node_modules\telegraf\lib\composer.js:519:21
    at async execute (C:\Users\Wongel.Wondyifraw\Documents\Shain bot\node_modules\telegraf\lib\composer.js:518:17)
    at async C:\Users\Wongel.Wondyifraw\Documents\Shain bot\node_modules\telegraf\lib\composer.js:519:21
---
[2026-05-21T11:27:10.511Z] [launch] [ETIMEDOUT] request to https://api.telegram.org/bot8777765313:[REDACTED]/getMe failed, reason: connect ETIMEDOUT 149.154.166.110:443
FetchError: request to https://api.telegram.org/bot8777765313:[REDACTED]/getMe failed, reason: connect ETIMEDOUT 149.154.166.110:443
    at ClientRequest.<anonymous> (C:\Users\Wongel.Wondyifraw\Documents\Shain bot\node_modules\node-fetch\lib\index.js:1501:11)
    at ClientRequest.emit (node:events:508:20)
    at emitErrorEvent (node:_http_client:108:11)
    at TLSSocket.socketErrorListener (node:_http_client:575:5)
    at TLSSocket.emit (node:events:508:20)
    at emitErrorNT (node:internal/streams/destroy:170:8)
    at emitErrorCloseNT (node:internal/streams/destroy:129:3)
    at process.processTicksAndRejections (node:internal/process/task_queues:90:21)
---
[2026-05-21T11:28:57.568Z] [scrape] SearchAPI is currently down for all Shein storefronts (HTTP 503). This is an outage on SearchAPI.io, not in the bot. Try again later or email support@searchapi.io.
Attempts:
  - us.shein.com: 503 Internal SearchAPI error. Please contact support at support@searchapi.io or via live chat.
  - eur.shein.com: 503 Internal SearchAPI error. Please contact support at support@searchapi.io or via live chat.
  - de.shein.com: 503 Internal SearchAPI error. Please contact support at support@searchapi.io or via live chat.
  - fr.shein.com: 503 Internal SearchAPI error. Please contact support at support@searchapi.io or via live chat.
  - it.shein.com: 503 Internal SearchAPI error. Please contact support at support@searchapi.io or via live chat.
  - es.shein.com: 503 Internal SearchAPI error. Please contact support at support@searchapi.io or via live chat.
  - pt.shein.com: 503 Internal SearchAPI error. Please contact support at support@searchapi.io or via live chat.
  - pl.shein.com: 503 Internal SearchAPI error. Please contact support at support@searchapi.io or via live chat.
  - roe.shein.com: 503 Internal SearchAPI error. Please contact support at support@searchapi.io or via live chat.
  - www.shein.co.uk: 503 Internal SearchAPI error. Please contact support at support@searchapi.io or via live chat.
  - www.shein.se: 503 Internal SearchAPI error. Please contact support at support@searchapi.io or via live chat.
  - ch.shein.com: 503 Internal SearchAPI error. Please contact support at support@searchapi.io or via live chat.
{"url":"https://us.shein.com/Tween-Girls-Letter-Print-Short-Sleeve-Tee-Fitted-Flare-Pants-Sets-p-66964550.html?src_identifier=on%3DCATEGORY_RECOMMEND_COMPONENT%60cn%3DCATEGORY_RECOMMEND_COMPONENT_1%60hz%3D-%60jc%3Dreal_2031%60ps%3D2_1_3&src_module=all&src_tab_page_id=page_home1779362386486&mallCode=1&pageListType=4","chatId":1041346091}
Error: SearchAPI is currently down for all Shein storefronts (HTTP 503). This is an outage on SearchAPI.io, not in the bot. Try again later or email support@searchapi.io.
Attempts:
  - us.shein.com: 503 Internal SearchAPI error. Please contact support at support@searchapi.io or via live chat.
  - eur.shein.com: 503 Internal SearchAPI error. Please contact support at support@searchapi.io or via live chat.
  - de.shein.com: 503 Internal SearchAPI error. Please contact support at support@searchapi.io or via live chat.
  - fr.shein.com: 503 Internal SearchAPI error. Please contact support at support@searchapi.io or via live chat.
  - it.shein.com: 503 Internal SearchAPI error. Please contact support at support@searchapi.io or via live chat.
  - es.shein.com: 503 Internal SearchAPI error. Please contact support at support@searchapi.io or via live chat.
  - pt.shein.com: 503 Internal SearchAPI error. Please contact support at support@searchapi.io or via live chat.
  - pl.shein.com: 503 Internal SearchAPI error. Please contact support at support@searchapi.io or via live chat.
  - roe.shein.com: 503 Internal SearchAPI error. Please contact support at support@searchapi.io or via live chat.
  - www.shein.co.uk: 503 Internal SearchAPI error. Please contact support at support@searchapi.io or via live chat.
  - www.shein.se: 503 Internal SearchAPI error. Please contact support at support@searchapi.io or via live chat.
  - ch.shein.com: 503 Internal SearchAPI error. Please contact support at support@searchapi.io or via live chat.
    at scrapeProduct (C:\Users\Wongel.Wondyifraw\Documents\Shain bot\src\scraper.js:305:11)
    at process.processTicksAndRejections (node:internal/process/task_queues:104:5)
    at async C:\Users\Wongel.Wondyifraw\Documents\Shain bot\src\bot.js:86:21
    at async execute (C:\Users\Wongel.Wondyifraw\Documents\Shain bot\node_modules\telegraf\lib\composer.js:518:17)
    at async C:\Users\Wongel.Wondyifraw\Documents\Shain bot\node_modules\telegraf\lib\composer.js:519:21
    at async execute (C:\Users\Wongel.Wondyifraw\Documents\Shain bot\node_modules\telegraf\lib\composer.js:518:17)
    at async C:\Users\Wongel.Wondyifraw\Documents\Shain bot\node_modules\telegraf\lib\composer.js:519:21
    at async execute (C:\Users\Wongel.Wondyifraw\Documents\Shain bot\node_modules\telegraf\lib\composer.js:518:17)
    at async C:\Users\Wongel.Wondyifraw\Documents\Shain bot\node_modules\telegraf\lib\composer.js:519:21
    at async execute (C:\Users\Wongel.Wondyifraw\Documents\Shain bot\node_modules\telegraf\lib\composer.js:518:17)
---
[2026-05-21T11:40:14.568Z] [telegraf] Promise timed out after 60000 milliseconds
{"updateId":14634865}
TimeoutError: Promise timed out after 60000 milliseconds
    at Timeout._onTimeout (C:\Users\Wongel.Wondyifraw\Documents\Shain bot\node_modules\p-timeout\index.js:39:64)
    at listOnTimeout (node:internal/timers:605:17)
    at process.processTimers (node:internal/timers:541:7)
---
[2026-05-21T11:40:39.867Z] [scrape] All scraping providers failed.
- ScraperAPI: ScraperAPI account is out of credits (403). Top up at scraperapi.com.
- SearchAPI: SearchAPI is currently down for all Shein storefronts (HTTP 503). This is an outage on SearchAPI.io, not in the bot. Try again later or email support@searchapi.io.
Attempts:
  - us.shein.com: 503 Internal SearchAPI error. Please contact support at support@searchapi.io or via live chat.
  - eur.shein.com: 503 Internal SearchAPI error. Please contact support at support@searchapi.io or via live chat.
  - de.shein.com: 503 Internal SearchAPI error. Please contact support at support@searchapi.io or via live chat.
  - fr.shein.com: 503 Internal SearchAPI error. Please contact support at support@searchapi.io or via live chat.
  - it.shein.com: 503 Internal SearchAPI error. Please contact support at support@searchapi.io or via live chat.
  - es.shein.com: 503 Internal SearchAPI error. Please contact support at support@searchapi.io or via live chat.
  - pt.shein.com: 503 Internal SearchAPI error. Please contact support at support@searchapi.io or via live chat.
  - pl.shein.com: 503 Internal SearchAPI error. Please contact support at support@searchapi.io or via live chat.
  - roe.shein.com: 503 Internal SearchAPI error. Please contact support at support@searchapi.io or via live chat.
  - www.shein.co.uk: 503 Internal SearchAPI error. Please contact support at support@searchapi.io or via live chat.
  - www.shein.se: 503 Internal SearchAPI error. Please contact support at support@searchapi.io or via live chat.
  - ch.shein.com: 503 Internal SearchAPI error. Please contact support at support@searchapi.io or via live chat.
{"url":"https://us.shein.com/Tween-Girls-Letter-Print-Short-Sleeve-Tee-Fitted-Flare-Pants-Sets-p-66964550.html?src_identifier=on%3DCATEGORY_RECOMMEND_COMPONENT%60cn%3DCATEGORY_RECOMMEND_COMPONENT_1%60hz%3D-%60jc%3Dreal_2031%60ps%3D2_1_3&src_module=all&src_tab_page_id=page_home1779362386486&mallCode=1&pageListType=4","chatId":1041346091}
Error: All scraping providers failed.
- ScraperAPI: ScraperAPI account is out of credits (403). Top up at scraperapi.com.
- SearchAPI: SearchAPI is currently down for all Shein storefronts (HTTP 503). This is an outage on SearchAPI.io, not in the bot. Try again later or email support@searchapi.io.
Attempts:
  - us.shein.com: 503 Internal SearchAPI error. Please contact support at support@searchapi.io or via live chat.
  - eur.shein.com: 503 Internal SearchAPI error. Please contact support at support@searchapi.io or via live chat.
  - de.shein.com: 503 Internal SearchAPI error. Please contact support at support@searchapi.io or via live chat.
  - fr.shein.com: 503 Internal SearchAPI error. Please contact support at support@searchapi.io or via live chat.
  - it.shein.com: 503 Internal SearchAPI error. Please contact support at support@searchapi.io or via live chat.
  - es.shein.com: 503 Internal SearchAPI error. Please contact support at support@searchapi.io or via live chat.
  - pt.shein.com: 503 Internal SearchAPI error. Please contact support at support@searchapi.io or via live chat.
  - pl.shein.com: 503 Internal SearchAPI error. Please contact support at support@searchapi.io or via live chat.
  - roe.shein.com: 503 Internal SearchAPI error. Please contact support at support@searchapi.io or via live chat.
  - www.shein.co.uk: 503 Internal SearchAPI error. Please contact support at support@searchapi.io or via live chat.
  - www.shein.se: 503 Internal SearchAPI error. Please contact support at support@searchapi.io or via live chat.
  - ch.shein.com: 503 Internal SearchAPI error. Please contact support at support@searchapi.io or via live chat.
    at scrapeProduct (C:\Users\Wongel.Wondyifraw\Documents\Shain bot\src\scraper.js:370:9)
    at process.processTicksAndRejections (node:internal/process/task_queues:104:5)
    at async C:\Users\Wongel.Wondyifraw\Documents\Shain bot\src\bot.js:86:21
    at async execute (C:\Users\Wongel.Wondyifraw\Documents\Shain bot\node_modules\telegraf\lib\composer.js:518:17)
    at async C:\Users\Wongel.Wondyifraw\Documents\Shain bot\node_modules\telegraf\lib\composer.js:519:21
    at async execute (C:\Users\Wongel.Wondyifraw\Documents\Shain bot\node_modules\telegraf\lib\composer.js:518:17)
    at async C:\Users\Wongel.Wondyifraw\Documents\Shain bot\node_modules\telegraf\lib\composer.js:519:21
    at async execute (C:\Users\Wongel.Wondyifraw\Documents\Shain bot\node_modules\telegraf\lib\composer.js:518:17)
    at async C:\Users\Wongel.Wondyifraw\Documents\Shain bot\node_modules\telegraf\lib\composer.js:519:21
    at async execute (C:\Users\Wongel.Wondyifraw\Documents\Shain bot\node_modules\telegraf\lib\composer.js:518:17)
---
[2026-05-21T11:42:31.198Z] [scrape] All scraping providers failed.
- ScraperAPI: ScraperAPI account is out of credits (403). Top up at scraperapi.com.
- SearchAPI: SearchAPI could not return this product from any supported storefront.
Attempts:
  - us.shein.com: 503 Internal SearchAPI error. Please contact support at support@searchapi.io or via live chat.
  - eur.shein.com: 503 Internal SearchAPI error. Please contact support at support@searchapi.io or via live chat.
  - de.shein.com: 503 Internal SearchAPI error. Please contact support at support@searchapi.io or via live chat.
  - fr.shein.com: 503 Internal SearchAPI error. Please contact support at support@searchapi.io or via live chat.
  - it.shein.com: 503 Internal SearchAPI error. Please contact support at support@searchapi.io or via live chat.
  - es.shein.com: 503 Internal SearchAPI error. Please contact support at support@searchapi.io or via live chat.
  - pt.shein.com: 503 Internal SearchAPI error. Please contact support at support@searchapi.io or via live chat.
  - pl.shein.com: 503 Internal SearchAPI error. Please contact support at support@searchapi.io or via live chat.
  - roe.shein.com: HTTP 500 Internal SearchAPI error. Please contact support at support@searchapi.io or via live chat.
  - www.shein.co.uk: 503 Internal SearchAPI error. Please contact support at support@searchapi.io or via live chat.
  - www.shein.se: 503 Internal SearchAPI error. Please contact support at support@searchapi.io or via live chat.
  - ch.shein.com: 503 Internal SearchAPI error. Please contact support at support@searchapi.io or via live chat.
{"url":"https://us.shein.com/Tween-Girls-Letter-Print-Short-Sleeve-Tee-Fitted-Flare-Pants-Sets-p-66964550.html?src_identifier=on%3DCATEGORY_RECOMMEND_COMPONENT%60cn%3DCATEGORY_RECOMMEND_COMPONENT_1%60hz%3D-%60jc%3Dreal_2031%60ps%3D2_1_3&src_module=all&src_tab_page_id=page_home1779362386486&mallCode=1&pageListType=4","chatId":1041346091}
Error: All scraping providers failed.
- ScraperAPI: ScraperAPI account is out of credits (403). Top up at scraperapi.com.
- SearchAPI: SearchAPI could not return this product from any supported storefront.
Attempts:
  - us.shein.com: 503 Internal SearchAPI error. Please contact support at support@searchapi.io or via live chat.
  - eur.shein.com: 503 Internal SearchAPI error. Please contact support at support@searchapi.io or via live chat.
  - de.shein.com: 503 Internal SearchAPI error. Please contact support at support@searchapi.io or via live chat.
  - fr.shein.com: 503 Internal SearchAPI error. Please contact support at support@searchapi.io or via live chat.
  - it.shein.com: 503 Internal SearchAPI error. Please contact support at support@searchapi.io or via live chat.
  - es.shein.com: 503 Internal SearchAPI error. Please contact support at support@searchapi.io or via live chat.
  - pt.shein.com: 503 Internal SearchAPI error. Please contact support at support@searchapi.io or via live chat.
  - pl.shein.com: 503 Internal SearchAPI error. Please contact support at support@searchapi.io or via live chat.
  - roe.shein.com: HTTP 500 Internal SearchAPI error. Please contact support at support@searchapi.io or via live chat.
  - www.shein.co.uk: 503 Internal SearchAPI error. Please contact support at support@searchapi.io or via live chat.
  - www.shein.se: 503 Internal SearchAPI error. Please contact support at support@searchapi.io or via live chat.
  - ch.shein.com: 503 Internal SearchAPI error. Please contact support at support@searchapi.io or via live chat.
    at scrapeProduct (C:\Users\Wongel.Wondyifraw\Documents\Shain bot\src\scraper.js:370:9)
    at process.processTicksAndRejections (node:internal/process/task_queues:104:5)
    at async C:\Users\Wongel.Wondyifraw\Documents\Shain bot\src\bot.js:86:21
    at async execute (C:\Users\Wongel.Wondyifraw\Documents\Shain bot\node_modules\telegraf\lib\composer.js:518:17)
    at async C:\Users\Wongel.Wondyifraw\Documents\Shain bot\node_modules\telegraf\lib\composer.js:519:21
    at async execute (C:\Users\Wongel.Wondyifraw\Documents\Shain bot\node_modules\telegraf\lib\composer.js:518:17)
    at async C:\Users\Wongel.Wondyifraw\Documents\Shain bot\node_modules\telegraf\lib\composer.js:519:21
    at async execute (C:\Users\Wongel.Wondyifraw\Documents\Shain bot\node_modules\telegraf\lib\composer.js:518:17)
    at async C:\Users\Wongel.Wondyifraw\Documents\Shain bot\node_modules\telegraf\lib\composer.js:519:21
    at async execute (C:\Users\Wongel.Wondyifraw\Documents\Shain bot\node_modules\telegraf\lib\composer.js:518:17)
---
[2026-05-21T11:48:36.654Z] [launch] [409] 409: Conflict: terminated by other getUpdates request; make sure that only one bot instance is running
Error: 409: Conflict: terminated by other getUpdates request; make sure that only one bot instance is running
    at Telegram.callApi (C:\Users\Wongel.Wondyifraw\Documents\Shain bot\node_modules\telegraf\lib\core\network\client.js:315:19)
    at process.processTicksAndRejections (node:internal/process/task_queues:104:5)
    at async [Symbol.asyncIterator] (C:\Users\Wongel.Wondyifraw\Documents\Shain bot\node_modules\telegraf\lib\core\network\polling.js:30:33)
    at async Polling.loop (C:\Users\Wongel.Wondyifraw\Documents\Shain bot\node_modules\telegraf\lib\core\network\polling.js:73:30)
    at async Telegraf.launch (C:\Users\Wongel.Wondyifraw\Documents\Shain bot\node_modules\telegraf\lib\telegraf.js:194:13)
---
[2026-05-21T11:49:50.227Z] [launch] [409] 409: Conflict: terminated by other getUpdates request; make sure that only one bot instance is running
Error: 409: Conflict: terminated by other getUpdates request; make sure that only one bot instance is running
    at Telegram.callApi (C:\Users\Wongel.Wondyifraw\Documents\Shain bot\node_modules\telegraf\lib\core\network\client.js:315:19)
    at process.processTicksAndRejections (node:internal/process/task_queues:105:5)
    at async [Symbol.asyncIterator] (C:\Users\Wongel.Wondyifraw\Documents\Shain bot\node_modules\telegraf\lib\core\network\polling.js:30:33)
    at async Polling.loop (C:\Users\Wongel.Wondyifraw\Documents\Shain bot\node_modules\telegraf\lib\core\network\polling.js:73:30)
    at async Telegraf.launch (C:\Users\Wongel.Wondyifraw\Documents\Shain bot\node_modules\telegraf\lib\telegraf.js:194:13)
---
